# JRE version: OpenJDK Runtime Environment Temurin-17.0.8.1+1 (17.0.8.1+1) (build 17.0.8.1+1)
# Java VM: OpenJDK 64-Bit Server VM Temurin-17.0.8.1+1 (17.0.8.1+1, mixed mode, tiered, compressed oops, compressed class ptrs, parallel gc, windows-amd64)
GC Precious Log:
 CPUs: 4 total, 4 available
 Memory: 16261M
 Large Page Support: Disabled
 NUMA Support: Disabled
 Compressed Oops: Enabled (32-bit)
 Alignments: Space 512K, Generation 512K, Heap 2M
 Heap Min Capacity: 100M
 Heap Initial Capacity: 100M
 Heap Max Capacity: 1G
 Pre-touch: Disabled
 Parallel Workers: 4
Heap:
 PSYoungGen      total 16896K, used 15044K [0x00000000eab00000, 0x00000000ec500000, 0x0000000100000000)
  eden space 10752K, 82% used [0x00000000eab00000,0x00000000eb3b5e30,0x00000000eb580000)
  from space 6144K, 99% used [0x00000000eb580000,0x00000000ebb7b260,0x00000000ebb80000)
  to   space 7680K, 0% used [0x00000000ebd80000,0x00000000ebd80000,0x00000000ec500000)
 ParOldGen       total 699392K, used 336124K [0x00000000c0000000, 0x00000000eab00000, 0x00000000eab00000)
  object space 699392K, 48% used [0x00000000c0000000,0x00000000d483f080,0x00000000eab00000)
 Metaspace       used 73922K, committed 75072K, reserved 1179648K
  class space    used 7820K, committed 8320K, reserved 1048576K
GC Heap History (20 events):
Event: 73.551 GC heap before
{Heap before GC invocations=399 (full 74):
 PSYoungGen      total 16384K, used 11264K [0x00000000eab00000, 0x00000000ec080000, 0x0000000100000000)
  eden space 11264K, 100% used [0x00000000eab00000,0x00000000eb600000,0x00000000eb600000)
  from space 5120K, 0% used [0x00000000eb600000,0x00000000eb600000,0x00000000ebb00000)
  to   space 4608K, 0% used [0x00000000ebb80000,0x00000000ebb80000,0x00000000ec000000)
 ParOldGen       total 319488K, used 319063K [0x00000000c0000000, 0x00000000d3800000, 0x00000000eab00000)
  object space 319488K, 99% used [0x00000000c0000000,0x00000000d3795e78,0x00000000d3800000)
 Metaspace       used 73904K, committed 75072K, reserved 1179648K
  class space    used 7818K, committed 8320K, reserved 1048576K
}
Event: 73.763 GC heap after
{Heap after GC invocations=399 (full 74):
 PSYoungGen      total 15872K, used 11256K [0x00000000eab00000, 0x00000000ec080000, 0x0000000100000000)
  eden space 11264K, 99% used [0x00000000eab00000,0x00000000eb5fe0e8,0x00000000eb600000)
  from space 4608K, 0% used [0x00000000ebb80000,0x00000000ebb80000,0x00000000ec000000)
  to   space 5120K, 0% used [0x00000000eb600000,0x00000000eb600000,0x00000000ebb00000)
 ParOldGen       total 319488K, used 318972K [0x00000000c0000000, 0x00000000d3800000, 0x00000000eab00000)
  object space 319488K, 99% used [0x00000000c0000000,0x00000000d377f320,0x00000000d3800000)
 Metaspace       used 73904K, committed 75072K, reserved 1179648K
  class space    used 7818K, committed 8320K, reserved 1048576K
}
Event: 73.764 GC heap before
{Heap before GC invocations=400 (full 75):
 PSYoungGen      total 15872K, used 11261K [0x00000000eab00000, 0x00000000ec080000, 0x0000000100000000)
  eden space 11264K, 99% used [0x00000000eab00000,0x00000000eb5ff5d0,0x00000000eb600000)
  from space 4608K, 0% used [0x00000000ebb80000,0x00000000ebb80000,0x00000000ec000000)
  to   space 5120K, 0% used [0x00000000eb600000,0x00000000eb600000,0x00000000ebb00000)
 ParOldGen       total 319488K, used 318972K [0x00000000c0000000, 0x00000000d3800000, 0x00000000eab00000)
  object space 319488K, 99% used [0x00000000c0000000,0x00000000d377f320,0x00000000d3800000)
 Metaspace       used 73904K, committed 75072K, reserved 1179648K
  class space    used 7818K, committed 8320K, reserved 1048576K
}
Event: 73.975 GC heap after
{Heap after GC invocations=400 (full 75):
 PSYoungGen      total 16384K, used 10741K [0x00000000eab00000, 0x00000000ec080000, 0x0000000100000000)
  eden space 11264K, 95% used [0x00000000eab00000,0x00000000eb57d748,0x00000000eb600000)
  from space 5120K, 0% used [0x00000000eb600000,0x00000000eb600000,0x00000000ebb00000)
  to   space 4608K, 0% used [0x00000000ebb80000,0x00000000ebb80000,0x00000000ec000000)
 ParOldGen       total 319488K, used 319487K [0x00000000c0000000, 0x00000000d3800000, 0x00000000eab00000)
  object space 319488K, 99% used [0x00000000c0000000,0x00000000d37fffa0,0x00000000d3800000)
 Metaspace       used 73904K, committed 75072K, reserved 1179648K
  class space    used 7818K, committed 8320K, reserved 1048576K
}
Event: 73.982 GC heap before
{Heap before GC invocations=401 (full 76):
 PSYoungGen      total 16384K, used 11257K [0x00000000eab00000, 0x00000000ec080000, 0x0000000100000000)
  eden space 11264K, 99% used [0x00000000eab00000,0x00000000eb5fe4b0,0x00000000eb600000)
  from space 5120K, 0% used [0x00000000eb600000,0x00000000eb600000,0x00000000ebb00000)
  to   space 4608K, 0% used [0x00000000ebb80000,0x00000000ebb80000,0x00000000ec000000)
 ParOldGen       total 319488K, used 319487K [0x00000000c0000000, 0x00000000d3800000, 0x00000000eab00000)
  object space 319488K, 99% used [0x00000000c0000000,0x00000000d37fffa0,0x00000000d3800000)
 Metaspace       used 73904K, committed 75072K, reserved 1179648K
  class space    used 7818K, committed 8320K, reserved 1048576K
}
Event: 74.193 GC heap after
{Heap after GC invocations=401 (full 76):
 PSYoungGen      total 15872K, used 11014K [0x00000000eab00000, 0x00000000ec080000, 0x0000000100000000)
  eden space 11264K, 97% used [0x00000000eab00000,0x00000000eb5c1928,0x00000000eb600000)
  from space 4608K, 0% used [0x00000000ebb80000,0x00000000ebb80000,0x00000000ec000000)
  to   space 5120K, 0% used [0x00000000eb600000,0x00000000eb600000,0x00000000ebb00000)
 ParOldGen       total 319488K, used 319487K [0x00000000c0000000, 0x00000000d3800000, 0x00000000eab00000)
  object space 319488K, 99% used [0x00000000c0000000,0x00000000d37ffe20,0x00000000d3800000)
 Metaspace       used 73904K, committed 75072K, reserved 1179648K
  class space    used 7818K, committed 8320K, reserved 1048576K
}
Event: 74.202 GC heap before
{Heap before GC invocations=402 (full 77):
 PSYoungGen      total 15872K, used 11215K [0x00000000eab00000, 0x00000000ec080000, 0x0000000100000000)
  eden space 11264K, 99% used [0x00000000eab00000,0x00000000eb5f3ef0,0x00000000eb600000)
  from space 4608K, 0% used [0x00000000ebb80000,0x00000000ebb80000,0x00000000ec000000)
  to   space 5120K, 0% used [0x00000000eb600000,0x00000000eb600000,0x00000000ebb00000)
 ParOldGen       total 319488K, used 319487K [0x00000000c0000000, 0x00000000d3800000, 0x00000000eab00000)
  object space 319488K, 99% used [0x00000000c0000000,0x00000000d37ffe20,0x00000000d3800000)
 Metaspace       used 73904K, committed 75072K, reserved 1179648K
  class space    used 7818K, committed 8320K, reserved 1048576K
}
Event: 74.411 GC heap after
{Heap after GC invocations=402 (full 77):
 PSYoungGen      total 16384K, used 11006K [0x00000000eab00000, 0x00000000ec080000, 0x0000000100000000)
  eden space 11264K, 97% used [0x00000000eab00000,0x00000000eb5bfac8,0x00000000eb600000)
  from space 5120K, 0% used [0x00000000eb600000,0x00000000eb600000,0x00000000ebb00000)
  to   space 4608K, 0% used [0x00000000ebb80000,0x00000000ebb80000,0x00000000ec000000)
 ParOldGen       total 319488K, used 319487K [0x00000000c0000000, 0x00000000d3800000, 0x00000000eab00000)
  object space 319488K, 99% used [0x00000000c0000000,0x00000000d37ffe20,0x00000000d3800000)
 Metaspace       used 73904K, committed 75072K, reserved 1179648K
  class space    used 7818K, committed 8320K, reserved 1048576K
}
Event: 74.411 GC heap before
{Heap before GC invocations=403 (full 78):
 PSYoungGen      total 16384K, used 11247K [0x00000000eab00000, 0x00000000ec080000, 0x0000000100000000)
  eden space 11264K, 99% used [0x00000000eab00000,0x00000000eb5fbc70,0x00000000eb600000)
  from space 5120K, 0% used [0x00000000eb600000,0x00000000eb600000,0x00000000ebb00000)
  to   space 4608K, 0% used [0x00000000ebb80000,0x00000000ebb80000,0x00000000ec000000)
 ParOldGen       total 319488K, used 319487K [0x00000000c0000000, 0x00000000d3800000, 0x00000000eab00000)
  object space 319488K, 99% used [0x00000000c0000000,0x00000000d37ffe20,0x00000000d3800000)
 Metaspace       used 73904K, committed 75072K, reserved 1179648K
  class space    used 7818K, committed 8320K, reserved 1048576K
}
Event: 74.624 GC heap after
{Heap after GC invocations=403 (full 78):
 PSYoungGen      total 15872K, used 11148K [0x00000000eab00000, 0x00000000ec080000, 0x0000000100000000)
  eden space 11264K, 98% used [0x00000000eab00000,0x00000000eb5e3140,0x00000000eb600000)
  from space 4608K, 0% used [0x00000000ebb80000,0x00000000ebb80000,0x00000000ec000000)
  to   space 5120K, 0% used [0x00000000eb600000,0x00000000eb600000,0x00000000ebb00000)
 ParOldGen       total 319488K, used 319487K [0x00000000c0000000, 0x00000000d3800000, 0x00000000eab00000)
  object space 319488K, 99% used [0x00000000c0000000,0x00000000d37ffe20,0x00000000d3800000)
 Metaspace       used 73904K, committed 75072K, reserved 1179648K
  class space    used 7818K, committed 8320K, reserved 1048576K
}
Event: 74.625 GC heap before
{Heap before GC invocations=404 (full 79):
 PSYoungGen      total 15872K, used 11261K [0x00000000eab00000, 0x00000000ec080000, 0x0000000100000000)
  eden space 11264K, 99% used [0x00000000eab00000,0x00000000eb5ff508,0x00000000eb600000)
  from space 4608K, 0% used [0x00000000ebb80000,0x00000000ebb80000,0x00000000ec000000)
  to   space 5120K, 0% used [0x00000000eb600000,0x00000000eb600000,0x00000000ebb00000)
 ParOldGen       total 319488K, used 319487K [0x00000000c0000000, 0x00000000d3800000, 0x00000000eab00000)
  object space 319488K, 99% used [0x00000000c0000000,0x00000000d37ffe20,0x00000000d3800000)
 Metaspace       used 73904K, committed 75072K, reserved 1179648K
  class space    used 7818K, committed 8320K, reserved 1048576K
}
Event: 74.847 GC heap after
{Heap after GC invocations=404 (full 79):
 PSYoungGen      total 16384K, used 11150K [0x00000000eab00000, 0x00000000ec080000, 0x0000000100000000)
  eden space 11264K, 98% used [0x00000000eab00000,0x00000000eb5e38a8,0x00000000eb600000)
  from space 5120K, 0% used [0x00000000eb600000,0x00000000eb600000,0x00000000ebb00000)
  to   space 4608K, 0% used [0x00000000ebb80000,0x00000000ebb80000,0x00000000ec000000)
 ParOldGen       total 699392K, used 319487K [0x00000000c0000000, 0x00000000eab00000, 0x00000000eab00000)
  object space 699392K, 45% used [0x00000000c0000000,0x00000000d37ffe20,0x00000000eab00000)
 Metaspace       used 73904K, committed 75072K, reserved 1179648K
  class space    used 7818K, committed 8320K, reserved 1048576K
}
Event: 74.865 GC heap before
{Heap before GC invocations=405 (full 79):
 PSYoungGen      total 16384K, used 11227K [0x00000000eab00000, 0x00000000ec080000, 0x0000000100000000)
  eden space 11264K, 99% used [0x00000000eab00000,0x00000000eb5f6c88,0x00000000eb600000)
  from space 5120K, 0% used [0x00000000eb600000,0x00000000eb600000,0x00000000ebb00000)
  to   space 4608K, 0% used [0x00000000ebb80000,0x00000000ebb80000,0x00000000ec000000)
 ParOldGen       total 699392K, used 319487K [0x00000000c0000000, 0x00000000eab00000, 0x00000000eab00000)
  object space 699392K, 45% used [0x00000000c0000000,0x00000000d37ffe20,0x00000000eab00000)
 Metaspace       used 73904K, committed 75072K, reserved 1179648K
  class space    used 7818K, committed 8320K, reserved 1048576K
}
Event: 74.896 GC heap after
{Heap after GC invocations=405 (full 79):
 PSYoungGen      total 15872K, used 4584K [0x00000000eab00000, 0x00000000ec080000, 0x0000000100000000)
  eden space 11264K, 0% used [0x00000000eab00000,0x00000000eab00000,0x00000000eb600000)
  from space 4608K, 99% used [0x00000000ebb80000,0x00000000ebffa2d8,0x00000000ec000000)
  to   space 5120K, 0% used [0x00000000eb600000,0x00000000eb600000,0x00000000ebb00000)
 ParOldGen       total 699392K, used 326355K [0x00000000c0000000, 0x00000000eab00000, 0x00000000eab00000)
  object space 699392K, 46% used [0x00000000c0000000,0x00000000d3eb4f70,0x00000000eab00000)
 Metaspace       used 73904K, committed 75072K, reserved 1179648K
  class space    used 7818K, committed 8320K, reserved 1048576K
}
Event: 74.929 GC heap before
{Heap before GC invocations=406 (full 79):
 PSYoungGen      total 15872K, used 15814K [0x00000000eab00000, 0x00000000ec080000, 0x0000000100000000)
  eden space 11264K, 99% used [0x00000000eab00000,0x00000000eb5f7920,0x00000000eb600000)
  from space 4608K, 99% used [0x00000000ebb80000,0x00000000ebffa2d8,0x00000000ec000000)
  to   space 5120K, 0% used [0x00000000eb600000,0x00000000eb600000,0x00000000ebb00000)
 ParOldGen       total 699392K, used 326355K [0x00000000c0000000, 0x00000000eab00000, 0x00000000eab00000)
  object space 699392K, 46% used [0x00000000c0000000,0x00000000d3eb4f70,0x00000000eab00000)
 Metaspace       used 73904K, committed 75072K, reserved 1179648K
  class space    used 7818K, committed 8320K, reserved 1048576K
}
Event: 74.935 GC heap after
{Heap after GC invocations=406 (full 79):
 PSYoungGen      total 16384K, used 5112K [0x00000000eab00000, 0x00000000ec080000, 0x0000000100000000)
  eden space 11264K, 0% used [0x00000000eab00000,0x00000000eab00000,0x00000000eb600000)
  from space 5120K, 99% used [0x00000000eb600000,0x00000000ebafe118,0x00000000ebb00000)
  to   space 4608K, 0% used [0x00000000ebb80000,0x00000000ebb80000,0x00000000ec000000)
 ParOldGen       total 699392K, used 330231K [0x00000000c0000000, 0x00000000eab00000, 0x00000000eab00000)
  object space 699392K, 47% used [0x00000000c0000000,0x00000000d427de78,0x00000000eab00000)
 Metaspace       used 73904K, committed 75072K, reserved 1179648K
  class space    used 7818K, committed 8320K, reserved 1048576K
}
Event: 74.981 GC heap before
{Heap before GC invocations=407 (full 79):
 PSYoungGen      total 16384K, used 16376K [0x00000000eab00000, 0x00000000ec080000, 0x0000000100000000)
  eden space 11264K, 100% used [0x00000000eab00000,0x00000000eb600000,0x00000000eb600000)
  from space 5120K, 99% used [0x00000000eb600000,0x00000000ebafe118,0x00000000ebb00000)
  to   space 4608K, 0% used [0x00000000ebb80000,0x00000000ebb80000,0x00000000ec000000)
 ParOldGen       total 699392K, used 330231K [0x00000000c0000000, 0x00000000eab00000, 0x00000000eab00000)
  object space 699392K, 47% used [0x00000000c0000000,0x00000000d427de78,0x00000000eab00000)
 Metaspace       used 73904K, committed 75072K, reserved 1179648K
  class space    used 7818K, committed 8320K, reserved 1048576K
}
Event: 74.986 GC heap after
{Heap after GC invocations=407 (full 79):
 PSYoungGen      total 15360K, used 4234K [0x00000000eab00000, 0x00000000ec280000, 0x0000000100000000)
  eden space 10752K, 0% used [0x00000000eab00000,0x00000000eab00000,0x00000000eb580000)
  from space 4608K, 91% used [0x00000000ebb80000,0x00000000ebfa2898,0x00000000ec000000)
  to   space 6144K, 0% used [0x00000000eb580000,0x00000000eb580000,0x00000000ebb80000)
 ParOldGen       total 699392K, used 335217K [0x00000000c0000000, 0x00000000eab00000, 0x00000000eab00000)
  object space 699392K, 47% used [0x00000000c0000000,0x00000000d475c540,0x00000000eab00000)
 Metaspace       used 73904K, committed 75072K, reserved 1179648K
  class space    used 7818K, committed 8320K, reserved 1048576K
}
Event: 75.045 GC heap before
{Heap before GC invocations=408 (full 79):
 PSYoungGen      total 15360K, used 14986K [0x00000000eab00000, 0x00000000ec280000, 0x0000000100000000)
  eden space 10752K, 100% used [0x00000000eab00000,0x00000000eb580000,0x00000000eb580000)
  from space 4608K, 91% used [0x00000000ebb80000,0x00000000ebfa2898,0x00000000ec000000)
  to   space 6144K, 0% used [0x00000000eb580000,0x00000000eb580000,0x00000000ebb80000)
 ParOldGen       total 699392K, used 335217K [0x00000000c0000000, 0x00000000eab00000, 0x00000000eab00000)
  object space 699392K, 47% used [0x00000000c0000000,0x00000000d475c540,0x00000000eab00000)
 Metaspace       used 73904K, committed 75072K, reserved 1179648K
  class space    used 7818K, committed 8320K, reserved 1048576K
}
Event: 75.051 GC heap after
{Heap after GC invocations=408 (full 79):
 PSYoungGen      total 16896K, used 6124K [0x00000000eab00000, 0x00000000ec500000, 0x0000000100000000)
  eden space 10752K, 0% used [0x00000000eab00000,0x00000000eab00000,0x00000000eb580000)
  from space 6144K, 99% used [0x00000000eb580000,0x00000000ebb7b260,0x00000000ebb80000)
  to   space 7680K, 0% used [0x00000000ebd80000,0x00000000ebd80000,0x00000000ec500000)
 ParOldGen       total 699392K, used 336124K [0x00000000c0000000, 0x00000000eab00000, 0x00000000eab00000)
  object space 699392K, 48% used [0x00000000c0000000,0x00000000d483f080,0x00000000eab00000)
 Metaspace       used 73904K, committed 75072K, reserved 1179648K
  class space    used 7818K, committed 8320K, reserved 1048576K
}

